Traceback (most recent call last):
  File "E:\Lab\snow-T5-G8\snow-cos.py", line 2, in <module>
    import torch
  File "D:\Users\MathAngel\anaconda3\lib\site-packages\torch\__init__.py", line 656, in <module>
    from .storage import _StorageBase, _TypedStorage, _LegacyStorage, _UntypedStorage
  File "D:\Users\MathAngel\anaconda3\lib\site-packages\torch\storage.py", line 11, in <module>
    import numpy as np
  File "D:\Users\MathAngel\anaconda3\lib\site-packages\numpy\__init__.py", line 161, in <module>
    from . import random
  File "D:\Users\MathAngel\anaconda3\lib\site-packages\numpy\random\__init__.py", line 180, in <module>
    from . import _pickle
  File "D:\Users\MathAngel\anaconda3\lib\site-packages\numpy\random\_pickle.py", line 1, in <module>
    from .mtrand import RandomState
  File "mtrand.pyx", line 1, in init numpy.random.mtrand
  File "bit_generator.pyx", line 40, in init numpy.random.bit_generator
  File "D:\Users\MathAngel\anaconda3\lib\secrets.py", line 18, in <module>
    from hmac import compare_digest
  File "D:\Users\MathAngel\anaconda3\lib\hmac.py", line 16, in <module>
    import hashlib as _hashlib
  File "<frozen importlib._bootstrap>", line 1007, in _find_and_load
  File "<frozen importlib._bootstrap>", line 982, in _find_and_load_unlocked
  File "<frozen importlib._bootstrap>", line 925, in _find_spec
  File "<frozen importlib._bootstrap_external>", line 1423, in find_spec
  File "<frozen importlib._bootstrap_external>", line 1395, in _get_spec
  File "<frozen importlib._bootstrap_external>", line 1522, in find_spec
  File "<frozen importlib._bootstrap_external>", line 142, in _path_stat
KeyboardInterrupt
